<?xml version="1.0" encoding="UTF-8" ?>
<testsuite tests="5" failures="0" name="coe528.lab1.FlightTest" time="0.02" errors="0" skipped="0">
  <properties>
[...]
</properties>
  <testcase classname="coe528.lab1.FlightTest" name="coe528.lab1.FlightTest.testConstructor" time="0.003"/>
  <testcase classname="coe528.lab1.FlightTest" name="coe528.lab1.FlightTest.testInvalidConstructor" time="0.003"/>
  <testcase classname="coe528.lab1.FlightTest" name="coe528.lab1.FlightTest.testBookASeat" time="0"/>
  <testcase classname="coe528.lab1.FlightTest" name="coe528.lab1.FlightTest.testBookASeatFull" time="0.001"/>
  <testcase classname="coe528.lab1.FlightTest" name="coe528.lab1.FlightTest.testToString" time="0.013"/>
</testsuite>